03/08/2009 23:43:14: Initialising PatternBrowser.
03/08/2009 23:43:14: Loading patternList.xml.
03/08/2009 23:43:14: 657 patterns found.
03/08/2009 23:43:14: Loading customPatterns.xml.
03/08/2009 23:43:14: 657 patterns found.
03/08/2009 23:43:14: Initialising CTU main form.
03/08/2009 23:43:14: LookupTypes.
03/08/2009 23:43:14: lookupList length: 1561.
03/08/2009 23:43:14: Finished Initialisation.
03/08/2009 23:43:18: Opening file J:\Users\Stuart\Downloads\090803165451-Dress_newCTU_vs_oldCTU\alicedress_newCTU.package.
03/08/2009 23:43:18: Mesh Name: afBodyDressMuuMuu.
03/08/2009 23:43:18: Clothing Order: 1000.
03/08/2009 23:43:18: CAS Part Type: 4 (0x00000004).
03/08/2009 23:43:18: Type: 8 (0x00000008).
03/08/2009 23:43:18: Age/Gender: 73840 (0x00012070).
03/08/2009 23:43:18: Clothing Category: 1048582 (0x00100006).
03/08/2009 23:43:18: Unk String: bare.
03/08/2009 23:43:18: Unk2: 0.
03/08/2009 23:43:18: TGI Index Body Part 1: 15.
03/08/2009 23:43:18: TGI Index Body Part 2: 15.
03/08/2009 23:43:18: TGI Index Blend Info Fat: 16.
03/08/2009 23:43:18: TGI Index Blend Info Fit: 17.
03/08/2009 23:43:18: TGI Index Blend Info Thin: 18.
03/08/2009 23:43:18: TGI Index Blend Info Special: 19.
03/08/2009 23:43:18: Unk5: 6.
03/08/2009 23:43:18: VPXY: 20.
03/08/2009 23:43:18: Count 2: 3.
03/08/2009 23:43:18: #0: unkNum : 1.
03/08/2009 23:43:18: #0: unk2: 8.
03/08/2009 23:43:18: #0: unkRepeatInner: 1.
03/08/2009 23:43:18: #0.0: One: 0.
03/08/2009 23:43:18: #0.0: Two: 8192.
03/08/2009 23:43:18: #0.0: Three: 32768.
03/08/2009 23:43:18: #1: unkNum : 2.
03/08/2009 23:43:18: #1: unk2: 31.
03/08/2009 23:43:18: #1: unkRepeatInner: 1.
03/08/2009 23:43:18: #1.0: One: 0.
03/08/2009 23:43:18: #1.0: Two: 8192.
03/08/2009 23:43:18: #1.0: Three: 32768.
03/08/2009 23:43:18: #2: unkNum : 3.
03/08/2009 23:43:18: #2: unk2: 31.
03/08/2009 23:43:18: #2: unkRepeatInner: 1.
03/08/2009 23:43:18: #2.0: One: 0.
03/08/2009 23:43:18: #2.0: Two: 8192.
03/08/2009 23:43:18: #2.0: Three: 32768.
03/08/2009 23:43:18: TGI Index Diffuse: 21.
03/08/2009 23:43:18: TGI Index Specular: 22.
03/08/2009 23:43:18: Diffuse Links: 0.
03/08/2009 23:43:18: Specular Links: 0.
03/08/2009 23:43:18: Count 5: 5.
03/08/2009 23:43:18: #0: 23.
03/08/2009 23:43:18: #1: 24.
03/08/2009 23:43:18: #2: 25.
03/08/2009 23:43:18: #3: 26.
03/08/2009 23:43:18: #4: 27.
03/08/2009 23:43:18: TGI #0 dds: key:00B2D882:00000000:AD5AEDFC01413D6D.
03/08/2009 23:43:18: TGI #1 dds: key:00B2D882:00000000:AD5AEDFC01413D71.
03/08/2009 23:43:18: TGI #2 dds: key:00B2D882:00000000:AD5AEDFC01413D63.
03/08/2009 23:43:18: TGI #3 dds: key:00B2D882:00000000:12556967BDC397CE.
03/08/2009 23:43:18: TGI #4 dds: key:00B2D882:00000000:24D8C7C525BAA54F.
03/08/2009 23:43:18: TGI #5 dds: key:00B2D882:00000000:75F8F21E0F143CAC.
03/08/2009 23:43:18: TGI #6 dds: key:00B2D882:00000000:B4CDC208D8D51BEE.
03/08/2009 23:43:18: TGI #7 dds: key:00B2D882:00000000:B4CDC208D8D51BFC.
03/08/2009 23:43:18: TGI #8 dds: key:00B2D882:00000000:646B487723D17864.
03/08/2009 23:43:18: TGI #9 xml: key:0333406C:00000000:1CBF0C95847CD266.
03/08/2009 23:43:18: TGI #10 xml: key:0333406C:00000000:71D5EFB6C391BC17.
03/08/2009 23:43:18: TGI #11 xml: key:0333406C:00000000:BE63187EBBDBBC3B.
03/08/2009 23:43:18: TGI #12 xml: key:0333406C:00000000:52E8BE209C703561.
03/08/2009 23:43:18: TGI #13 xml: key:0333406C:00000000:C5871B9DFA142909.
03/08/2009 23:43:18: TGI #14 xml: key:0333406C:00000000:F1ECA548571737A3.
03/08/2009 23:43:18: TGI #15 : key:00000000:00000000:0000000000000000.
03/08/2009 23:43:18: TGI #16 bblend: key:062C8204:00000000:F7300DFB87A9DFE3.
03/08/2009 23:43:18: TGI #17 bblend: key:062C8204:00000000:F73005FB87A9D18B.
03/08/2009 23:43:18: TGI #18 bblend: key:062C8204:00000000:4F16A267E03601DB.
03/08/2009 23:43:18: TGI #19 bblend: key:062C8204:00000000:635CFE00E95CFF93.
03/08/2009 23:43:18: TGI #20 vpxy: key:736884F1:00000001:000000000025FC93.
03/08/2009 23:43:18: TGI #21 txtc: key:033A1435:0025FC93:6941D68681CFB8E1.
03/08/2009 23:43:18: TGI #22 txtc: key:033A1435:0025FC93:8C1B2BBA44596046.
03/08/2009 23:43:18: TGI #23 : key:0355E0A6:00000001:000000007DE4CA12.
03/08/2009 23:43:18: TGI #24 : key:0355E0A6:00000001:000000001B4DFAA0.
03/08/2009 23:43:18: TGI #25 : key:0355E0A6:00000001:00000000134DEE48.
03/08/2009 23:43:18: TGI #26 : key:0355E0A6:00000001:00000000ACD6B792.
03/08/2009 23:43:18: TGI #27 : key:0355E0A6:00000001:00000000CBA99584.
03/08/2009 23:43:18: <!-- XML generated by CTU --><preset><complate name="CasRgbMask" reskey="key:0333406C:00000000:52E8BE209C703561"><value key="assetRoot" value="X:" />
<value key="daeFileName" value="afBodyDressMuuMuu" />
<value key="age" value="A" />
<value key="gender" value="F" />
<value key="bodyType" value="Body" />
<value key="partType" value="Body" />
<value key="filename" value="CasRgbMask" />
<value key="Overlay" value="key:00B2D882:00000000:AD5AEDFC01413D6D" />
<value key="Clothing Specular" value="key:00B2D882:00000000:AD5AEDFC01413D71" />
<value key="Clothing Ambient" value="key:00B2D882:00000000:AD5AEDFC01413D63" />
<value key="Rotation" value="0.0000" />
<value key="Mask" value="key:00B2D882:00000000:12556967BDC397CE" />
<value key="MaskHeight" value="-1" />
<value key="MaskWidth" value="-1" />
<value key="Multiplier" value="key:00B2D882:00000000:24D8C7C525BAA54F" />
<!-- Did you get the satellite photos yet? --><value key="Pattern A" value="Materials\Theme\Floral\floralGraphic04Sml_4" />
<value key="Pattern A Enabled" value="False" />
<value key="Pattern A Linked" value="false" />
<value key="Pattern A Tiling" value="4.0000,4.0000" />
<value key="Pattern B" value="Materials\Theme\Floral\floralGraphic04Sml_4" />
<value key="Pattern B Enabled" value="False" />
<value key="Pattern B Linked" value="false" />
<value key="Pattern B Tiling" value="4.0000,4.0000" />
<value key="Pattern C" value="Materials\Miscellaneous\solidColor_1" />
<value key="Pattern C Enabled" value="false" />
<value key="Pattern C Linked" value="false" />
<value key="Pattern C Tiling" value="4.0000,4.0000" />
<value key="Stencil A" value="key:00B2D882:00000000:75F8F21E0F143CAC" />
<value key="Stencil B" value="key:00B2D882:00000000:75F8F21E0F143CAC" />
<value key="Stencil C" value="key:00B2D882:00000000:75F8F21E0F143CAC" />
<value key="Stencil D" value="key:00B2D882:00000000:75F8F21E0F143CAC" />
<value key="Stencil E" value="key:00B2D882:00000000:75F8F21E0F143CAC" />
<value key="Stencil F" value="key:00B2D882:00000000:75F8F21E0F143CAC" />
<value key="Stencil A Tiling" value="1.0000,1.0000" />
<value key="Stencil B Tiling" value="1.0000,1.0000" />
<value key="Stencil C Tiling" value="1.0000,1.0000" />
<value key="Stencil D Tiling" value="1.0000,1.0000" />
<value key="Stencil E Tiling" value="1.0000,1.0000" />
<value key="Stencil F Tiling" value="1.0000,1.0000" />
<value key="Stencil A Rotation" value="0.0000" />
<value key="Stencil B Rotation" value="0.0000" />
<value key="Stencil C Rotation" value="0.0000" />
<value key="Stencil D Rotation" value="0.0000" />
<value key="Stencil E Rotation" value="0.0000" />
<value key="Stencil F Rotation" value="0.0000" />
<value key="Stencil A Enabled" value="False" />
<value key="Stencil B Enabled" value="False" />
<value key="Stencil C Enabled" value="False" />
<value key="Stencil D Enabled" value="False" />
<value key="Stencil E Enabled" value="False" />
<value key="Stencil F Enabled" value="False" />
<!-- Damnit! --><value key="IsNaked" value="false" />
<value key="IsNotNaked" value="true" />
<value key="Skin Specular" value="key:00B2D882:00000000:B4CDC208D8D51BEE" />
<value key="Skin Ambient" value="key:00B2D882:00000000:B4CDC208D8D51BFC" />
<value key="Logo UpperLeft" value="0.3000,0.1700" />
<value key="Logo LowerRight" value="0.4300,0.3000" />
<value key="Logo Enabled" value="false" />
<value key="Part Mask" value="key:00B2D882:00000000:646B487723D17864" />
<!-- We are running out of lime! --><pattern name="floralGraphic04Sml_4" reskey="key:0333406C:00000000:1CBF0C95847CD266" variable="Pattern A">
<!-- JackB--><value key="assetRoot" value="X:" />
<value key="Color 0" value="" />
<value key="Color 1" value="0.8235,0.7882,0.5294,1.0000" />
<value key="Color 2" value="0.5529,0.7569,0.6667,1.0000" />
<value key="Color 3" value="0.8745,0.8706,0.7922,1.0000" />
<value key="Color 4" value="0.8667,0.5882,1.0000,1.0000" />
<value key="rgbmask" value="key:00B2D882:00000000:1CBF0C95847CD266" />
<value key="filename" value="Materials\Theme\Floral\floralGraphic04Sml_4" />
</pattern>
<pattern name="floralGraphic04Sml_4" reskey="key:0333406C:00000000:1CBF0C95847CD266" variable="Pattern B">
<!-- ChloeON--><value key="assetRoot" value="X:" />
<value key="Color 0" value="" />
<value key="Color 1" value="0.8235,0.7882,0.5294,1.0000" />
<value key="Color 2" value="0.5529,0.7569,0.6667,1.0000" />
<value key="Color 3" value="0.8745,0.8706,0.7922,1.0000" />
<value key="Color 4" value="0.8667,0.5882,1.0000,1.0000" />
<value key="rgbmask" value="key:00B2D882:00000000:1CBF0C95847CD266" />
<value key="filename" value="Materials\Theme\Floral\floralGraphic04Sml_4" />
</pattern>
<pattern name="solidColor_1" reskey="key:0333406C:00000000:71D5EFB6C391BC17" variable="Pattern C">
<!-- TonyA--><value key="assetRoot" value="X:" />
<value key="Color" value="0.3490,0.3490,0.5216,1.0000" />
<value key="filename" value="Materials\Miscellaneous\solidColor_1" />
</pattern>
<pattern name="None" reskey="key:0333406C:00000000:BE63187EBBDBBC3B" variable="Logo"><value key="assetRoot" value="X:" />
<value key="filename" value="" />
</pattern></complate><!-- Have you seen my daughter?! --></preset>.
03/08/2009 23:43:18: Mesh Name: afBodyDressMuuMuu.
03/08/2009 23:43:18: Clothing Order: 1000.
03/08/2009 23:43:18: CAS Part Type: 4 (0x00000004).
03/08/2009 23:43:18: Type: 8 (0x00000008).
03/08/2009 23:43:18: Age/Gender: 73840 (0x00012070).
03/08/2009 23:43:18: Clothing Category: 1048582 (0x00100006).
03/08/2009 23:43:18: Unk String: bare.
03/08/2009 23:43:18: Unk2: 0.
03/08/2009 23:43:18: TGI Index Body Part 1: 15.
03/08/2009 23:43:18: TGI Index Body Part 2: 15.
03/08/2009 23:43:18: TGI Index Blend Info Fat: 16.
03/08/2009 23:43:18: TGI Index Blend Info Fit: 17.
03/08/2009 23:43:18: TGI Index Blend Info Thin: 18.
03/08/2009 23:43:18: TGI Index Blend Info Special: 19.
03/08/2009 23:43:18: Unk5: 6.
03/08/2009 23:43:18: VPXY: 20.
03/08/2009 23:43:18: Count 2: 3.
03/08/2009 23:43:18: #0: unkNum : 1.
03/08/2009 23:43:18: #0: unk2: 8.
03/08/2009 23:43:18: #0: unkRepeatInner: 1.
03/08/2009 23:43:18: #0.0: One: 0.
03/08/2009 23:43:18: #0.0: Two: 8192.
03/08/2009 23:43:18: #0.0: Three: 32768.
03/08/2009 23:43:18: #1: unkNum : 2.
03/08/2009 23:43:18: #1: unk2: 31.
03/08/2009 23:43:18: #1: unkRepeatInner: 1.
03/08/2009 23:43:18: #1.0: One: 0.
03/08/2009 23:43:18: #1.0: Two: 8192.
03/08/2009 23:43:18: #1.0: Three: 32768.
03/08/2009 23:43:18: #2: unkNum : 3.
03/08/2009 23:43:18: #2: unk2: 31.
03/08/2009 23:43:18: #2: unkRepeatInner: 1.
03/08/2009 23:43:18: #2.0: One: 0.
03/08/2009 23:43:18: #2.0: Two: 8192.
03/08/2009 23:43:18: #2.0: Three: 32768.
03/08/2009 23:43:18: TGI Index Diffuse: 21.
03/08/2009 23:43:18: TGI Index Specular: 22.
03/08/2009 23:43:18: Diffuse Links: 0.
03/08/2009 23:43:18: Specular Links: 0.
03/08/2009 23:43:18: Count 5: 5.
03/08/2009 23:43:18: #0: 23.
03/08/2009 23:43:18: #1: 24.
03/08/2009 23:43:18: #2: 25.
03/08/2009 23:43:18: #3: 26.
03/08/2009 23:43:18: #4: 27.
03/08/2009 23:43:18: TGI #0 dds: key:00B2D882:00000000:AD5AEDFC01413D6D.
03/08/2009 23:43:18: TGI #1 dds: key:00B2D882:00000000:AD5AEDFC01413D71.
03/08/2009 23:43:18: TGI #2 dds: key:00B2D882:00000000:AD5AEDFC01413D63.
03/08/2009 23:43:18: TGI #3 dds: key:00B2D882:00000000:12556967BDC397CE.
03/08/2009 23:43:18: TGI #4 dds: key:00B2D882:00000000:24D8C7C525BAA54F.
03/08/2009 23:43:18: TGI #5 dds: key:00B2D882:00000000:75F8F21E0F143CAC.
03/08/2009 23:43:18: TGI #6 dds: key:00B2D882:00000000:B4CDC208D8D51BEE.
03/08/2009 23:43:18: TGI #7 dds: key:00B2D882:00000000:B4CDC208D8D51BFC.
03/08/2009 23:43:18: TGI #8 dds: key:00B2D882:00000000:646B487723D17864.
03/08/2009 23:43:18: TGI #9 xml: key:0333406C:00000000:1CBF0C95847CD266.
03/08/2009 23:43:18: TGI #10 xml: key:0333406C:00000000:71D5EFB6C391BC17.
03/08/2009 23:43:18: TGI #11 xml: key:0333406C:00000000:BE63187EBBDBBC3B.
03/08/2009 23:43:18: TGI #12 xml: key:0333406C:00000000:52E8BE209C703561.
03/08/2009 23:43:18: TGI #13 xml: key:0333406C:00000000:C5871B9DFA142909.
03/08/2009 23:43:18: TGI #14 xml: key:0333406C:00000000:F1ECA548571737A3.
03/08/2009 23:43:18: TGI #15 : key:00000000:00000000:0000000000000000.
03/08/2009 23:43:18: TGI #16 bblend: key:062C8204:00000000:F7300DFB87A9DFE3.
03/08/2009 23:43:18: TGI #17 bblend: key:062C8204:00000000:F73005FB87A9D18B.
03/08/2009 23:43:18: TGI #18 bblend: key:062C8204:00000000:4F16A267E03601DB.
03/08/2009 23:43:18: TGI #19 bblend: key:062C8204:00000000:635CFE00E95CFF93.
03/08/2009 23:43:18: TGI #20 vpxy: key:736884F1:00000001:000000000025FC93.
03/08/2009 23:43:18: TGI #21 txtc: key:033A1435:0025FC93:6941D68681CFB8E1.
03/08/2009 23:43:18: TGI #22 txtc: key:033A1435:0025FC93:8C1B2BBA44596046.
03/08/2009 23:43:18: TGI #23 : key:0355E0A6:00000001:000000007DE4CA12.
03/08/2009 23:43:18: TGI #24 : key:0355E0A6:00000001:000000001B4DFAA0.
03/08/2009 23:43:18: TGI #25 : key:0355E0A6:00000001:00000000134DEE48.
03/08/2009 23:43:18: TGI #26 : key:0355E0A6:00000001:00000000ACD6B792.
03/08/2009 23:43:18: TGI #27 : key:0355E0A6:00000001:00000000CBA99584.
03/08/2009 23:43:18: <!-- XML generated by CTU --><preset><complate name="CasRgbMask" reskey="key:0333406C:00000000:52E8BE209C703561"><value key="assetRoot" value="X:" />
<value key="daeFileName" value="afBodyDressMuuMuu" />
<value key="age" value="A" />
<value key="gender" value="F" />
<value key="bodyType" value="Body" />
<value key="partType" value="Body" />
<value key="filename" value="CasRgbMask" />
<value key="Overlay" value="key:00B2D882:00000000:AD5AEDFC01413D6D" />
<value key="Clothing Specular" value="key:00B2D882:00000000:AD5AEDFC01413D71" />
<value key="Clothing Ambient" value="key:00B2D882:00000000:AD5AEDFC01413D63" />
<value key="Rotation" value="0.0000" />
<value key="Mask" value="key:00B2D882:00000000:12556967BDC397CE" />
<value key="MaskHeight" value="-1" />
<value key="MaskWidth" value="-1" />
<value key="Multiplier" value="key:00B2D882:00000000:24D8C7C525BAA54F" />
<!-- Did you get the satellite photos yet? --><value key="Pattern A" value="Materials\Theme\Floral\floralGraphic04Sml_4" />
<value key="Pattern A Enabled" value="False" />
<value key="Pattern A Linked" value="false" />
<value key="Pattern A Tiling" value="4.0000,4.0000" />
<value key="Pattern B" value="Materials\Theme\Floral\floralGraphic04Sml_4" />
<value key="Pattern B Enabled" value="False" />
<value key="Pattern B Linked" value="false" />
<value key="Pattern B Tiling" value="4.0000,4.0000" />
<value key="Pattern C" value="Materials\Miscellaneous\solidColor_1" />
<value key="Pattern C Enabled" value="false" />
<value key="Pattern C Linked" value="false" />
<value key="Pattern C Tiling" value="4.0000,4.0000" />
<value key="Stencil A" value="key:00B2D882:00000000:75F8F21E0F143CAC" />
<value key="Stencil B" value="key:00B2D882:00000000:75F8F21E0F143CAC" />
<value key="Stencil C" value="key:00B2D882:00000000:75F8F21E0F143CAC" />
<value key="Stencil D" value="key:00B2D882:00000000:75F8F21E0F143CAC" />
<value key="Stencil E" value="key:00B2D882:00000000:75F8F21E0F143CAC" />
<value key="Stencil F" value="key:00B2D882:00000000:75F8F21E0F143CAC" />
<value key="Stencil A Tiling" value="1.0000,1.0000" />
<value key="Stencil B Tiling" value="1.0000,1.0000" />
<value key="Stencil C Tiling" value="1.0000,1.0000" />
<value key="Stencil D Tiling" value="1.0000,1.0000" />
<value key="Stencil E Tiling" value="1.0000,1.0000" />
<value key="Stencil F Tiling" value="1.0000,1.0000" />
<value key="Stencil A Rotation" value="0.0000" />
<value key="Stencil B Rotation" value="0.0000" />
<value key="Stencil C Rotation" value="0.0000" />
<value key="Stencil D Rotation" value="0.0000" />
<value key="Stencil E Rotation" value="0.0000" />
<value key="Stencil F Rotation" value="0.0000" />
<value key="Stencil A Enabled" value="False" />
<value key="Stencil B Enabled" value="False" />
<value key="Stencil C Enabled" value="False" />
<value key="Stencil D Enabled" value="False" />
<value key="Stencil E Enabled" value="False" />
<value key="Stencil F Enabled" value="False" />
<!-- Damnit! --><value key="IsNaked" value="false" />
<value key="IsNotNaked" value="true" />
<value key="Skin Specular" value="key:00B2D882:00000000:B4CDC208D8D51BEE" />
<value key="Skin Ambient" value="key:00B2D882:00000000:B4CDC208D8D51BFC" />
<value key="Logo UpperLeft" value="0.3000,0.1700" />
<value key="Logo LowerRight" value="0.4300,0.3000" />
<value key="Logo Enabled" value="false" />
<value key="Part Mask" value="key:00B2D882:00000000:646B487723D17864" />
<!-- We are running out of lime! --><pattern name="floralGraphic04Sml_4" reskey="key:0333406C:00000000:1CBF0C95847CD266" variable="Pattern A">
<!-- JackB--><value key="assetRoot" value="X:" />
<value key="Color 0" value="" />
<value key="Color 1" value="0.8235,0.7882,0.5294,1.0000" />
<value key="Color 2" value="0.5529,0.7569,0.6667,1.0000" />
<value key="Color 3" value="0.8745,0.8706,0.7922,1.0000" />
<value key="Color 4" value="0.8667,0.5882,1.0000,1.0000" />
<value key="rgbmask" value="key:00B2D882:00000000:1CBF0C95847CD266" />
<value key="filename" value="Materials\Theme\Floral\floralGraphic04Sml_4" />
</pattern>
<pattern name="floralGraphic04Sml_4" reskey="key:0333406C:00000000:1CBF0C95847CD266" variable="Pattern B">
<!-- ChloeON--><value key="assetRoot" value="X:" />
<value key="Color 0" value="" />
<value key="Color 1" value="0.8235,0.7882,0.5294,1.0000" />
<value key="Color 2" value="0.5529,0.7569,0.6667,1.0000" />
<value key="Color 3" value="0.8745,0.8706,0.7922,1.0000" />
<value key="Color 4" value="0.8667,0.5882,1.0000,1.0000" />
<value key="rgbmask" value="key:00B2D882:00000000:1CBF0C95847CD266" />
<value key="filename" value="Materials\Theme\Floral\floralGraphic04Sml_4" />
</pattern>
<pattern name="solidColor_1" reskey="key:0333406C:00000000:71D5EFB6C391BC17" variable="Pattern C">
<!-- TonyA--><value key="assetRoot" value="X:" />
<value key="Color" value="0.3490,0.3490,0.5216,1.0000" />
<value key="filename" value="Materials\Miscellaneous\solidColor_1" />
</pattern>
<pattern name="None" reskey="key:0333406C:00000000:BE63187EBBDBBC3B" variable="Logo"><value key="assetRoot" value="X:" />
<value key="filename" value="" />
</pattern></complate><!-- Have you seen my daughter?! --></preset>.
