08/08/2009 19:14:09: Initialising components.
08/08/2009 19:14:21: Initialise 3d.
08/08/2009 19:14:22: Load default skintone.
08/08/2009 19:14:22: Load default skintone specular.
08/08/2009 19:14:22: Load default skintone normal map.
08/08/2009 19:14:22: Set model.
08/08/2009 19:14:22: Load texture.
08/08/2009 19:14:22: Load texture.
08/08/2009 19:14:22: Load texture.
08/08/2009 19:14:22: Reset device.
08/08/2009 19:14:22: Setup shaders.
08/08/2009 19:14:24: Disposing components.
08/08/2009 19:18:48: Initialising components.
08/08/2009 19:18:48: Initialise 3d.
08/08/2009 19:18:48: Load default skintone.
08/08/2009 19:18:48: Load default skintone specular.
08/08/2009 19:18:48: Load default skintone normal map.
08/08/2009 19:18:56: Disposing components.
08/08/2009 19:51:54: Initialising components.
08/08/2009 19:52:15: Initialise 3d.
08/08/2009 19:52:15: Load default skintone.
08/08/2009 19:52:15: Load default skintone specular.
08/08/2009 19:52:15: Load default skintone normal map.
08/08/2009 19:52:15: Set model.
08/08/2009 19:52:15: Load texture.
08/08/2009 19:52:15: Load texture.
08/08/2009 19:52:15: Load texture.
08/08/2009 19:52:15: Reset device.
08/08/2009 19:52:15: Setup shaders.
08/08/2009 19:52:23: Load texture.
08/08/2009 19:52:23: Load texture.
08/08/2009 19:52:23: Load texture.
08/08/2009 19:52:23: Load texture.
08/08/2009 19:52:23: Reset device.
08/08/2009 19:52:23: Setup shaders.
08/08/2009 19:52:25: Load texture.
08/08/2009 19:52:25: Load texture.
08/08/2009 19:52:25: Load texture.
08/08/2009 19:52:25: Load texture.
08/08/2009 19:52:25: Reset device.
08/08/2009 19:52:25: Setup shaders.
10/08/2009 18:49:31: Initialising components.
10/08/2009 18:50:08: Initialise 3d.
10/08/2009 18:50:08: Load default skintone.
10/08/2009 18:50:08: Load default skintone specular.
10/08/2009 18:50:08: Load default skintone normal map.
10/08/2009 18:50:08: Set model.
10/08/2009 18:50:08: Load texture.
10/08/2009 18:50:08: Load texture.
10/08/2009 18:50:09: Load texture.
10/08/2009 18:50:10: Reset device.
10/08/2009 18:50:10: Setup shaders.
10/08/2009 18:50:28: Load texture.
10/08/2009 18:50:28: Load texture.
10/08/2009 18:50:28: Load texture.
10/08/2009 18:50:29: Reset device.
10/08/2009 18:50:29: Setup shaders.
10/08/2009 18:50:53: Load texture.
10/08/2009 18:50:53: Load texture.
10/08/2009 18:50:53: Load texture.
10/08/2009 18:50:54: Reset device.
10/08/2009 18:50:54: Setup shaders.
10/08/2009 18:51:02: Load texture.
10/08/2009 18:51:02: Load texture.
10/08/2009 18:51:03: Load texture.
10/08/2009 18:51:03: Reset device.
10/08/2009 18:51:03: Setup shaders.
10/08/2009 18:52:48: Initialising components.
10/08/2009 18:53:04: Initialise 3d.
10/08/2009 18:53:04: Load default skintone.
10/08/2009 18:53:04: Load default skintone specular.
10/08/2009 18:53:04: Load default skintone normal map.
10/08/2009 18:53:04: Set model.
10/08/2009 18:53:04: Load texture.
10/08/2009 18:53:05: Load texture.
10/08/2009 18:53:06: Load texture.
10/08/2009 18:53:06: Reset device.
10/08/2009 18:53:06: Setup shaders.
10/08/2009 18:56:03: Load texture.
10/08/2009 18:56:03: Load texture.
10/08/2009 18:56:04: Load texture.
10/08/2009 18:56:04: Load texture.
10/08/2009 18:56:04: Reset device.
10/08/2009 18:56:04: Setup shaders.
10/08/2009 18:56:32: Load texture.
10/08/2009 18:56:32: Load texture.
10/08/2009 18:56:33: Load texture.
10/08/2009 18:56:34: Load texture.
10/08/2009 18:56:34: Reset device.
10/08/2009 18:56:34: Setup shaders.
10/08/2009 18:59:51: Initialising components.
10/08/2009 19:00:07: Initialise 3d.
10/08/2009 19:00:07: Load default skintone.
10/08/2009 19:00:07: Load default skintone specular.
10/08/2009 19:00:07: Load default skintone normal map.
10/08/2009 19:00:07: Set model.
10/08/2009 19:00:07: Load texture.
10/08/2009 19:00:07: Load texture.
10/08/2009 19:00:08: Load texture.
10/08/2009 19:00:08: Reset device.
10/08/2009 19:00:08: Setup shaders.
10/08/2009 19:00:10: Load texture.
10/08/2009 19:00:10: Load texture.
10/08/2009 19:00:11: Load texture.
10/08/2009 19:00:12: Load texture.
10/08/2009 19:00:12: Reset device.
10/08/2009 19:00:12: Setup shaders.
10/08/2009 19:00:19: Load texture.
10/08/2009 19:00:19: Load texture.
10/08/2009 19:00:19: Load texture.
10/08/2009 19:00:20: Load texture.
10/08/2009 19:00:20: Reset device.
10/08/2009 19:00:20: Setup shaders.
10/08/2009 19:03:44: Initialising components.
10/08/2009 19:03:56: Initialise 3d.
10/08/2009 19:03:56: Load default skintone.
10/08/2009 19:03:56: Load default skintone specular.
10/08/2009 19:03:56: Load default skintone normal map.
10/08/2009 19:03:56: Set model.
10/08/2009 19:03:56: Load texture.
10/08/2009 19:03:56: Load texture.
10/08/2009 19:03:57: Load texture.
10/08/2009 19:03:57: Reset device.
10/08/2009 19:03:57: Setup shaders.
10/08/2009 19:04:07: Load texture.
10/08/2009 19:04:07: Load texture.
10/08/2009 19:04:07: Load texture.
10/08/2009 19:04:08: Load texture.
10/08/2009 19:04:08: Reset device.
10/08/2009 19:04:08: Setup shaders.
10/08/2009 19:04:24: Load texture.
10/08/2009 19:04:24: Load texture.
10/08/2009 19:04:24: Load texture.
10/08/2009 19:04:25: Load texture.
10/08/2009 19:04:25: Reset device.
10/08/2009 19:04:25: Setup shaders.
10/08/2009 19:10:02: Initialising components.
10/08/2009 19:10:21: Initialise 3d.
10/08/2009 19:10:21: Load default skintone.
10/08/2009 19:10:21: Load default skintone specular.
10/08/2009 19:10:21: Load default skintone normal map.
10/08/2009 19:10:21: Set model.
10/08/2009 19:10:21: Load texture.
10/08/2009 19:10:21: Load texture.
10/08/2009 19:10:22: Load texture.
10/08/2009 19:10:22: Reset device.
10/08/2009 19:10:22: Setup shaders.
10/08/2009 19:10:25: Load texture.
10/08/2009 19:10:25: Load texture.
10/08/2009 19:10:26: Load texture.
10/08/2009 19:10:26: Load texture.
10/08/2009 19:10:26: Reset device.
10/08/2009 19:10:26: Setup shaders.
10/08/2009 19:10:28: Load texture.
10/08/2009 19:10:28: Load texture.
10/08/2009 19:10:29: Load texture.
10/08/2009 19:10:30: Load texture.
10/08/2009 19:10:30: Reset device.
10/08/2009 19:10:30: Setup shaders.
10/08/2009 19:18:51: Initialising components.
10/08/2009 19:22:40: Initialising components.
10/08/2009 19:30:23: Initialising components.
10/08/2009 19:32:22: Initialising components.
10/08/2009 19:39:17: Initialise 3d.
10/08/2009 19:39:18: Load default skintone.
10/08/2009 19:39:18: Load default skintone specular.
10/08/2009 19:39:18: Load default skintone normal map.
10/08/2009 19:39:18: Set model.
10/08/2009 19:39:18: Load texture.
10/08/2009 19:39:18: Load texture.
10/08/2009 19:39:18: Load texture.
10/08/2009 19:39:19: Reset device.
10/08/2009 19:39:19: Setup shaders.
10/08/2009 19:42:10: Initialising components.
10/08/2009 19:49:09: Initialise 3d.
10/08/2009 19:49:09: Load default skintone.
10/08/2009 19:49:09: Load default skintone specular.
10/08/2009 19:49:09: Load default skintone normal map.
10/08/2009 19:49:09: Set model.
10/08/2009 19:49:09: Load texture.
10/08/2009 19:49:09: Load texture.
10/08/2009 19:49:10: Load texture.
10/08/2009 19:49:11: Reset device.
10/08/2009 19:49:11: Setup shaders.
10/08/2009 19:49:28: Load texture.
10/08/2009 19:49:28: Load texture.
10/08/2009 19:49:29: Load texture.
10/08/2009 19:49:29: Load texture.
10/08/2009 19:49:29: Reset device.
10/08/2009 19:49:29: Setup shaders.
10/08/2009 21:47:22: Initialising components.
10/08/2009 21:47:41: Initialise 3d.
10/08/2009 21:47:42: Load default skintone.
10/08/2009 21:47:42: Load default skintone specular.
10/08/2009 21:47:42: Load default skintone normal map.
10/08/2009 21:47:42: Set model.
10/08/2009 21:47:42: Load texture.
10/08/2009 21:47:42: Load texture.
10/08/2009 21:47:42: Load texture.
10/08/2009 21:47:43: Reset device.
10/08/2009 21:47:43: Setup shaders.
10/08/2009 21:47:51: Load texture.
10/08/2009 21:47:51: Load texture.
10/08/2009 21:47:52: Load texture.
10/08/2009 21:47:52: Load texture.
10/08/2009 21:47:52: Reset device.
10/08/2009 21:47:52: Setup shaders.
10/08/2009 21:57:14: Initialising components.
10/08/2009 21:57:29: Initialise 3d.
10/08/2009 21:57:29: Load default skintone.
10/08/2009 21:57:29: Load default skintone specular.
10/08/2009 21:57:29: Load default skintone normal map.
10/08/2009 21:57:29: Set model.
10/08/2009 21:57:29: Load texture.
10/08/2009 21:57:30: Load texture.
10/08/2009 21:57:30: Load texture.
10/08/2009 21:57:31: Reset device.
10/08/2009 21:57:31: Setup shaders.
10/08/2009 21:59:42: Initialising components.
10/08/2009 21:59:54: Initialise 3d.
10/08/2009 21:59:54: Load default skintone.
10/08/2009 21:59:54: Load default skintone specular.
10/08/2009 21:59:54: Load default skintone normal map.
10/08/2009 21:59:54: Set model.
10/08/2009 21:59:54: Load texture.
10/08/2009 21:59:54: Load texture.
10/08/2009 21:59:55: Load texture.
10/08/2009 21:59:55: Reset device.
10/08/2009 21:59:55: Setup shaders.
10/08/2009 22:01:11: Initialising components.
10/08/2009 22:01:23: Initialise 3d.
10/08/2009 22:01:23: Load default skintone.
10/08/2009 22:01:23: Load default skintone specular.
10/08/2009 22:01:23: Load default skintone normal map.
10/08/2009 22:01:23: Set model.
10/08/2009 22:01:23: Load texture.
10/08/2009 22:01:23: Load texture.
10/08/2009 22:01:23: Load texture.
10/08/2009 22:01:24: Reset device.
10/08/2009 22:01:24: Setup shaders.
10/08/2009 22:07:47: Initialising components.
10/08/2009 22:08:25: Initialise 3d.
10/08/2009 22:08:25: Load default skintone.
10/08/2009 22:08:25: Load default skintone specular.
10/08/2009 22:08:25: Load default skintone normal map.
10/08/2009 22:08:25: Set model.
10/08/2009 22:08:25: Load texture.
10/08/2009 22:08:25: Load texture.
10/08/2009 22:08:25: Load texture.
10/08/2009 22:08:26: Reset device.
10/08/2009 22:08:26: Setup shaders.
10/08/2009 22:17:02: Initialising components.
10/08/2009 22:17:14: Initialise 3d.
10/08/2009 22:17:14: Load default skintone.
10/08/2009 22:17:14: Load default skintone specular.
10/08/2009 22:17:15: Load default skintone normal map.
10/08/2009 22:17:15: Set model.
10/08/2009 22:17:15: Load texture.
10/08/2009 22:17:15: Load texture.
10/08/2009 22:17:15: Load texture.
10/08/2009 22:17:16: Reset device.
10/08/2009 22:17:16: Setup shaders.
10/08/2009 22:22:07: Initialising components.
10/08/2009 22:22:26: Initialise 3d.
10/08/2009 22:22:26: Load default skintone.
10/08/2009 22:22:26: Load default skintone specular.
10/08/2009 22:22:26: Load default skintone normal map.
10/08/2009 22:22:26: Set model.
10/08/2009 22:22:26: Load texture.
10/08/2009 22:22:26: Load texture.
10/08/2009 22:22:27: Load texture.
10/08/2009 22:22:27: Reset device.
10/08/2009 22:22:27: Setup shaders.
10/08/2009 22:36:00: Initialising components.
10/08/2009 22:36:17: Initialise 3d.
10/08/2009 22:36:17: Load default skintone.
10/08/2009 22:36:17: Load default skintone specular.
10/08/2009 22:36:17: Load default skintone normal map.
10/08/2009 22:36:17: Set model.
10/08/2009 22:36:17: Load texture.
10/08/2009 22:36:17: Load texture.
10/08/2009 22:36:17: Load texture.
10/08/2009 22:36:18: Reset device.
10/08/2009 22:36:18: Setup shaders.
10/08/2009 22:40:44: Initialising components.
10/08/2009 22:40:56: Initialise 3d.
10/08/2009 22:40:56: Load default skintone.
10/08/2009 22:40:56: Load default skintone specular.
10/08/2009 22:40:56: Load default skintone normal map.
10/08/2009 22:40:56: Set model.
10/08/2009 22:40:56: Load texture.
10/08/2009 22:40:56: Load texture.
10/08/2009 22:40:56: Load texture.
10/08/2009 22:40:57: Reset device.
10/08/2009 22:40:57: Setup shaders.
10/08/2009 22:44:32: Initialising components.
10/08/2009 22:44:45: Initialise 3d.
10/08/2009 22:44:45: Load default skintone.
10/08/2009 22:44:45: Load default skintone specular.
10/08/2009 22:44:45: Load default skintone normal map.
10/08/2009 22:44:45: Set model.
10/08/2009 22:44:45: Load texture.
10/08/2009 22:44:45: Load texture.
10/08/2009 22:44:46: Load texture.
10/08/2009 22:44:46: Reset device.
10/08/2009 22:44:46: Setup shaders.
10/08/2009 22:44:58: Load texture.
10/08/2009 22:44:58: Load texture.
10/08/2009 22:44:59: Load texture.
10/08/2009 22:44:59: Load texture.
10/08/2009 22:44:59: Reset device.
10/08/2009 22:44:59: Setup shaders.
10/08/2009 22:53:08: Initialising components.
10/08/2009 22:54:44: Initialise 3d.
10/08/2009 22:54:44: Load default skintone.
10/08/2009 22:54:44: Load default skintone specular.
10/08/2009 22:54:44: Load default skintone normal map.
10/08/2009 22:54:44: Set model.
10/08/2009 22:54:44: Load texture.
10/08/2009 22:54:44: Load texture.
10/08/2009 22:54:44: Load texture.
10/08/2009 22:54:45: Reset device.
10/08/2009 22:54:45: Setup shaders.
10/08/2009 22:55:55: Load texture.
10/08/2009 22:55:55: Load texture.
10/08/2009 22:58:01: Initialising components.
10/08/2009 22:58:21: Initialise 3d.
10/08/2009 22:58:21: Load default skintone.
10/08/2009 22:58:21: Load default skintone specular.
10/08/2009 22:58:21: Load default skintone normal map.
10/08/2009 22:58:21: Set model.
10/08/2009 22:58:21: Load texture.
10/08/2009 22:58:21: Load texture.
10/08/2009 22:58:48: Load texture.
10/08/2009 22:58:49: Reset device.
10/08/2009 22:58:49: Setup shaders.
10/08/2009 22:58:53: Load texture.
10/08/2009 22:58:54: Load texture.
10/08/2009 22:58:54: Load texture.
10/08/2009 22:58:55: Load texture.
10/08/2009 22:58:55: Reset device.
10/08/2009 22:58:55: Setup shaders.
10/08/2009 22:59:08: Load texture.
10/08/2009 22:59:08: Load texture.
10/08/2009 22:59:08: Load texture.
10/08/2009 22:59:09: Load texture.
10/08/2009 22:59:09: Reset device.
10/08/2009 22:59:09: Setup shaders.
10/08/2009 22:59:36: Load texture.
10/08/2009 22:59:36: Load texture.
10/08/2009 22:59:36: Load texture.
10/08/2009 22:59:37: Load texture.
10/08/2009 22:59:37: Reset device.
10/08/2009 22:59:37: Setup shaders.
10/08/2009 23:00:17: Load texture.
10/08/2009 23:00:17: Load texture.
10/08/2009 23:00:18: Load texture.
10/08/2009 23:00:19: Load texture.
10/08/2009 23:00:19: Reset device.
10/08/2009 23:00:19: Setup shaders.
10/08/2009 23:07:27: Initialising components.
10/08/2009 23:07:40: Initialise 3d.
10/08/2009 23:07:40: Load default skintone.
10/08/2009 23:07:40: Load default skintone specular.
10/08/2009 23:07:40: Load default skintone normal map.
10/08/2009 23:07:40: Set model.
10/08/2009 23:07:40: Load texture.
10/08/2009 23:07:40: Load texture.
10/08/2009 23:20:47: Initialising components.
10/08/2009 23:20:57: Initialise 3d.
10/08/2009 23:20:57: Load default skintone.
10/08/2009 23:20:57: Load default skintone specular.
10/08/2009 23:20:57: Load default skintone normal map.
10/08/2009 23:20:57: Set model.
10/08/2009 23:20:57: Load texture.
10/08/2009 23:20:57: Load texture.
10/08/2009 23:21:01: Load texture.
10/08/2009 23:21:02: Reset device.
10/08/2009 23:21:02: Setup shaders.
10/08/2009 23:21:06: Load texture.
10/08/2009 23:21:06: Load texture.
10/08/2009 23:21:07: Load texture.
10/08/2009 23:21:07: Load texture.
10/08/2009 23:21:07: Reset device.
10/08/2009 23:21:07: Setup shaders.
10/08/2009 23:23:24: Initialising components.
10/08/2009 23:23:42: Initialise 3d.
10/08/2009 23:23:42: Load default skintone.
10/08/2009 23:23:42: Load default skintone specular.
10/08/2009 23:23:42: Load default skintone normal map.
10/08/2009 23:23:42: Set model.
10/08/2009 23:23:42: Load texture.
10/08/2009 23:23:42: Load texture.
10/08/2009 23:23:42: Load texture.
10/08/2009 23:23:43: Reset device.
10/08/2009 23:23:43: Setup shaders.
10/08/2009 23:23:58: Load texture.
10/08/2009 23:23:58: Load texture.
10/08/2009 23:23:59: Load texture.
10/08/2009 23:23:59: Reset device.
10/08/2009 23:23:59: Setup shaders.
10/08/2009 23:24:12: Load texture.
10/08/2009 23:24:12: Load texture.
10/08/2009 23:24:13: Load texture.
10/08/2009 23:24:13: Reset device.
10/08/2009 23:24:13: Setup shaders.
10/08/2009 23:24:33: Load texture.
10/08/2009 23:24:33: Load texture.
10/08/2009 23:24:33: Load texture.
10/08/2009 23:24:34: Reset device.
10/08/2009 23:24:34: Setup shaders.
10/08/2009 23:24:55: Load texture.
10/08/2009 23:24:55: Load texture.
10/08/2009 23:24:55: Load texture.
10/08/2009 23:24:56: Load texture.
10/08/2009 23:24:56: Reset device.
10/08/2009 23:24:56: Setup shaders.
10/08/2009 23:26:00: Load texture.
10/08/2009 23:26:00: Load texture.
10/08/2009 23:26:01: Load texture.
10/08/2009 23:26:01: Load texture.
10/08/2009 23:26:01: Reset device.
10/08/2009 23:26:01: Setup shaders.
10/08/2009 23:27:07: Load default skintone.
10/08/2009 23:27:07: Load default skintone specular.
10/08/2009 23:27:07: Load default skintone normal map.
10/08/2009 23:27:07: Set model.
10/08/2009 23:27:07: Load texture.
10/08/2009 23:27:07: Load texture.
10/08/2009 23:27:09: Load texture.
10/08/2009 23:27:09: Reset device.
10/08/2009 23:27:09: Setup shaders.
10/08/2009 23:33:36: Initialising components.
10/08/2009 23:33:48: Initialise 3d.
10/08/2009 23:33:48: Load default skintone.
10/08/2009 23:33:48: Load default skintone specular.
10/08/2009 23:33:48: Load default skintone normal map.
10/08/2009 23:33:48: Set model.
10/08/2009 23:33:48: Load texture.
10/08/2009 23:33:48: Load texture.
10/08/2009 23:33:48: Load texture.
10/08/2009 23:33:49: Reset device.
10/08/2009 23:33:49: Setup shaders.
10/08/2009 23:36:21: Initialising components.
10/08/2009 23:36:43: Initialise 3d.
10/08/2009 23:36:43: Load default skintone.
10/08/2009 23:36:43: Load default skintone specular.
10/08/2009 23:36:43: Load default skintone normal map.
10/08/2009 23:36:43: Set model.
10/08/2009 23:36:43: Load texture.
10/08/2009 23:36:44: Load texture.
10/08/2009 23:36:44: Load texture.
10/08/2009 23:36:45: Reset device.
10/08/2009 23:36:45: Setup shaders.
10/08/2009 23:37:03: Load texture.
10/08/2009 23:37:03: Load texture.
10/08/2009 23:37:03: Load texture.
10/08/2009 23:37:04: Reset device.
10/08/2009 23:37:04: Setup shaders.
10/08/2009 23:37:10: Load texture.
10/08/2009 23:37:10: Load texture.
10/08/2009 23:37:10: Load texture.
10/08/2009 23:37:11: Reset device.
10/08/2009 23:37:11: Setup shaders.
10/08/2009 23:40:29: Initialising components.
10/08/2009 23:40:48: Initialise 3d.
10/08/2009 23:40:48: Load default skintone.
10/08/2009 23:40:48: Load default skintone specular.
10/08/2009 23:40:48: Load default skintone normal map.
10/08/2009 23:40:49: Set model.
10/08/2009 23:40:49: Load texture.
10/08/2009 23:40:49: Load texture.
10/08/2009 23:40:49: Load texture.
10/08/2009 23:40:50: Reset device.
10/08/2009 23:40:50: Setup shaders.
10/08/2009 23:41:01: Load default skintone.
10/08/2009 23:41:01: Load default skintone specular.
10/08/2009 23:41:01: Load default skintone normal map.
10/08/2009 23:41:01: Set model.
10/08/2009 23:41:01: Load texture.
10/08/2009 23:41:01: Load texture.
10/08/2009 23:41:02: Load texture.
10/08/2009 23:41:02: Reset device.
10/08/2009 23:41:02: Setup shaders.
10/08/2009 23:41:08: Load texture.
10/08/2009 23:41:08: Load texture.
10/08/2009 23:41:09: Load texture.
10/08/2009 23:41:09: Reset device.
10/08/2009 23:41:09: Setup shaders.
10/08/2009 23:41:16: Load texture.
10/08/2009 23:41:16: Load texture.
10/08/2009 23:41:17: Load texture.
10/08/2009 23:41:17: Reset device.
10/08/2009 23:41:17: Setup shaders.
10/08/2009 23:41:20: Load texture.
10/08/2009 23:41:20: Load texture.
10/08/2009 23:41:21: Load texture.
10/08/2009 23:41:21: Reset device.
10/08/2009 23:41:21: Setup shaders.
10/08/2009 23:43:24: Initialising components.
10/08/2009 23:43:53: Initialise 3d.
10/08/2009 23:43:53: Load default skintone.
10/08/2009 23:43:53: Load default skintone specular.
10/08/2009 23:43:53: Load default skintone normal map.
10/08/2009 23:43:53: Set model.
10/08/2009 23:43:53: Load texture.
10/08/2009 23:43:53: Load texture.
10/08/2009 23:43:53: Load texture.
10/08/2009 23:43:54: Reset device.
10/08/2009 23:43:54: Setup shaders.
10/08/2009 23:45:26: Load texture.
10/08/2009 23:45:26: Load texture.
10/08/2009 23:45:27: Load texture.
10/08/2009 23:45:27: Reset device.
10/08/2009 23:45:27: Setup shaders.
10/08/2009 23:45:52: Load texture.
10/08/2009 23:45:52: Load texture.
10/08/2009 23:45:52: Load texture.
10/08/2009 23:45:53: Reset device.
10/08/2009 23:45:53: Setup shaders.
10/08/2009 23:46:59: Load texture.
10/08/2009 23:46:59: Load texture.
10/08/2009 23:47:00: Load texture.
10/08/2009 23:47:00: Reset device.
10/08/2009 23:47:00: Setup shaders.
10/08/2009 23:55:45: Disposing components.
11/08/2009 00:45:21: Initialising components.
11/08/2009 00:45:43: Initialise 3d.
11/08/2009 00:45:43: Load default skintone.
11/08/2009 00:45:43: Load default skintone specular.
11/08/2009 00:45:43: Load default skintone normal map.
11/08/2009 00:45:43: Set model.
11/08/2009 00:45:43: Load texture.
11/08/2009 00:45:44: Load texture.
11/08/2009 00:45:44: Load texture.
11/08/2009 00:45:44: Reset device.
11/08/2009 00:45:44: Setup shaders.
11/08/2009 00:54:54: Initialising components.
11/08/2009 00:54:58: Initialising components.
11/08/2009 00:55:08: Initialise 3d.
11/08/2009 00:55:08: Load default skintone.
11/08/2009 00:55:08: Load default skintone specular.
11/08/2009 00:55:08: Load default skintone normal map.
11/08/2009 00:55:08: Set model.
11/08/2009 00:55:08: Load texture.
11/08/2009 00:55:08: Load texture.
11/08/2009 00:55:09: Load texture.
11/08/2009 00:55:09: Reset device.
11/08/2009 00:55:09: Setup shaders.
11/08/2009 00:59:54: Initialising components.
11/08/2009 01:20:25: Initialising components.
11/08/2009 01:48:21: Initialising components.
11/08/2009 01:56:13: Initialising components.
11/08/2009 01:56:47: Initialise 3d.
11/08/2009 01:56:47: Load default skintone.
11/08/2009 01:56:47: Load default skintone specular.
11/08/2009 01:56:47: Load default skintone normal map.
11/08/2009 01:56:47: Set model.
11/08/2009 01:56:47: Load texture.
11/08/2009 01:56:47: Load texture.
11/08/2009 01:56:48: Load texture.
11/08/2009 01:56:48: Reset device.
11/08/2009 01:56:48: Setup shaders.
11/08/2009 02:04:08: Initialising components.
11/08/2009 02:04:29: Initialise 3d.
11/08/2009 02:04:29: Load default skintone.
11/08/2009 02:04:29: Load default skintone specular.
11/08/2009 02:04:29: Load default skintone normal map.
11/08/2009 02:04:29: Set model.
11/08/2009 02:04:29: Load texture.
11/08/2009 02:04:29: Load texture.
11/08/2009 02:04:30: Load texture.
11/08/2009 02:04:30: Reset device.
11/08/2009 02:04:30: Setup shaders.
11/08/2009 02:09:40: Initialising components.
11/08/2009 02:09:51: Initialise 3d.
11/08/2009 02:09:51: Load default skintone.
11/08/2009 02:09:51: Load default skintone specular.
11/08/2009 02:09:51: Load default skintone normal map.
11/08/2009 02:09:51: Set model.
11/08/2009 02:09:51: Load texture.
11/08/2009 02:09:51: Load texture.
11/08/2009 02:09:52: Load texture.
11/08/2009 02:09:53: Reset device.
11/08/2009 02:09:53: Setup shaders.
11/08/2009 02:15:30: Initialising components.
11/08/2009 02:15:42: Initialise 3d.
11/08/2009 02:15:42: Load default skintone.
11/08/2009 02:15:42: Load default skintone specular.
11/08/2009 02:15:42: Load default skintone normal map.
11/08/2009 02:15:42: Set model.
11/08/2009 02:15:42: Load texture.
11/08/2009 02:15:42: Load texture.
11/08/2009 02:15:43: Load texture.
11/08/2009 02:15:43: Reset device.
11/08/2009 02:15:43: Setup shaders.
11/08/2009 02:17:56: Initialising components.
11/08/2009 02:19:22: Initialise 3d.
11/08/2009 02:19:22: Load default skintone.
11/08/2009 02:19:22: Load default skintone specular.
11/08/2009 02:19:22: Load default skintone normal map.
11/08/2009 02:19:22: Set model.
11/08/2009 02:19:22: Load texture.
11/08/2009 02:19:22: Load texture.
11/08/2009 02:19:23: Load texture.
11/08/2009 02:19:23: Reset device.
11/08/2009 02:19:23: Setup shaders.
11/08/2009 02:19:53: Initialising components.
11/08/2009 02:21:05: Initialising components.
11/08/2009 02:26:01: Initialise 3d.
11/08/2009 02:26:01: Load default skintone.
11/08/2009 02:26:01: Load default skintone specular.
11/08/2009 02:26:01: Load default skintone normal map.
11/08/2009 02:26:01: Set model.
11/08/2009 02:26:01: Load texture.
11/08/2009 02:26:01: Load texture.
11/08/2009 02:26:01: Load texture.
11/08/2009 02:26:02: Reset device.
11/08/2009 02:26:02: Setup shaders.
11/08/2009 02:30:08: Initialising components.
11/08/2009 02:30:30: Initialise 3d.
11/08/2009 02:30:30: Load default skintone.
11/08/2009 02:30:30: Load default skintone specular.
11/08/2009 02:30:30: Load default skintone normal map.
11/08/2009 02:30:30: Set model.
11/08/2009 02:30:30: Load texture.
11/08/2009 02:30:30: Load texture.
11/08/2009 02:30:30: Load texture.
11/08/2009 02:30:31: Reset device.
11/08/2009 02:30:31: Setup shaders.
11/08/2009 02:36:41: Disposing components.
