08/08/2009 19:20:13: Initialising components.
08/08/2009 19:20:13: Initialise 3d.
08/08/2009 19:20:13: Load default skintone.
08/08/2009 19:20:13: Load default skintone specular.
08/08/2009 19:20:13: Load default skintone normal map.
08/08/2009 19:23:16: Initalising components....
08/08/2009 19:23:16: Initialising components.
08/08/2009 19:23:17: RenderEnabled: true.
08/08/2009 19:23:17: Reset device.
08/08/2009 19:23:17: Initialise 3d.
08/08/2009 19:23:17: Load default skintone.
08/08/2009 19:23:17: Load default skintone specular.
08/08/2009 19:23:17: Load default skintone normal map.
08/08/2009 19:23:45: Initalising components....
08/08/2009 19:23:45: Initialising components.
08/08/2009 19:23:45: RenderEnabled: true.
08/08/2009 19:23:45: Reset device.
08/08/2009 19:23:45: Initialise 3d.
08/08/2009 19:23:45: Load default skintone.
08/08/2009 19:23:45: Load default skintone specular.
08/08/2009 19:23:45: Load default skintone normal map.
08/08/2009 19:23:47: Disposing components.
08/08/2009 19:26:17: Initalising components....
08/08/2009 19:26:17: Initialising components.
08/08/2009 19:26:17: RenderEnabled: true.
08/08/2009 19:26:17: Initialise 3d.
08/08/2009 19:26:18: Load default skintone.
08/08/2009 19:26:18: Load default skintone specular.
08/08/2009 19:26:18: Load default skintone normal map.
08/08/2009 19:26:18: Reset device.
08/08/2009 19:26:18: Setup shaders.
08/08/2009 19:26:48: Initalising components....
08/08/2009 19:26:48: Initialising components.
08/08/2009 19:26:48: RenderEnabled: true.
08/08/2009 19:26:48: Initialise 3d.
08/08/2009 19:26:49: Load default skintone.
08/08/2009 19:26:49: Load default skintone specular.
08/08/2009 19:26:49: Load default skintone normal map.
08/08/2009 19:26:49: Reset device.
08/08/2009 19:26:49: Setup shaders.
08/08/2009 19:27:58: Initalising components....
08/08/2009 19:27:58: Initialising components.
08/08/2009 19:27:58: RenderEnabled: true.
08/08/2009 19:27:58: Initialise 3d.
08/08/2009 19:27:58: Load default skintone.
08/08/2009 19:27:58: Load default skintone specular.
08/08/2009 19:27:58: Load default skintone normal map.
08/08/2009 19:28:01: Disposing components.
08/08/2009 19:43:59: Initalising components....
08/08/2009 19:43:59: Initialising components.
08/08/2009 19:44:00: RenderEnabled: true.
08/08/2009 19:44:00: loadDefaultTextures.
08/08/2009 19:44:00: Initialise 3d.
08/08/2009 19:44:00: Load default skintone.
08/08/2009 19:44:00: Load default skintone specular.
08/08/2009 19:44:01: Load default skintone normal map.
08/08/2009 19:45:14: Reset device.
08/08/2009 19:48:41: Setup shaders.
08/08/2009 19:51:35: Initalising components....
08/08/2009 19:51:35: Initialising components.
08/08/2009 19:51:35: RenderEnabled: true.
08/08/2009 19:51:35: loadDefaultTextures.
08/08/2009 19:51:35: Initialise 3d.
08/08/2009 19:51:35: Load default skintone.
08/08/2009 19:51:35: Load default skintone specular.
08/08/2009 19:51:35: Load default skintone normal map.
08/08/2009 19:51:40: Reset device.
08/08/2009 19:51:41: Setup shaders.
